### phaoff -2.5
{'csi_len': 912, 'ftm': 3570052168, 'nrx': 2, 'ntx': 1, 'ntone': 114, 'rssi1': -2, 'rssi2': -4, 'smac': '0:16:ea:12:34:56', 'seq': 21, 'us': 1836785438, 'rnf': 51712, 'mcs_index': 0, 'mod_type': 2, 'mod_type_str': 'HT', 'chan_width_type': 1, 'chan_width': 40, 'chan_type_str': 'HT40', 'ant_sel': 3, 'ldpc': 0}
16788.577405997257 17901.33129362208 -2 -4 [2 1]
00000000:  90 03 00 00  04 00 00 00   48 AC CA D4  00 00 00 00
00000016:  00 00 00 00  00 00 00 00   00 00 00 00  00 00 00 00
00000032:  00 00 00 00  00 00 00 00   03 00 02 01  00 00 02 01
00000048:  02 00 02 03  72 00 00 00   00 00 00 00  02 00 00 00
00000064:  04 00 00 00  00 16 EA 12   34 56 00 00  15 00 00 08
00000080:  00 00 00 00  00 00 00 00   1E 1F 7B 6D  00 CA 00 00
00000096:  0F 01 00 00  00 E0 08 01   E0 FF 24 01  40 01 00 00
00000112:  40 01 00 00  0F 01 00 00   FF 1F 08 01  FE FF 24 01
00000128:  40 01 00 00  40 01 00 00   00 00 00 00  00 00 00 00
00000144:  00 00 00 00  00 00 00 00   00 00 00 00  00 00 00 00
00000160:  00 00 00 00  00 00 00 00   00 00 00 00  00 00 00 00
00000176:  70 31 4F 00  7E 00 00 00   2D 00 00 00  00 00 00 00
00000192:  00 00 00 00  01 00 40 A3   55 E2 79 6D  00 00 00 00
00000208:  00 00 00 00  00 00 00 00   00 00 00 00  00 00 00 00
00000224:  00 00 00 00  00 00 00 00   00 00 00 00  00 00 00 00
00000240:  77 A3 01 00  00 E0 01 00   01 03 00 00  7D 03 00 00
00000256:  1B 00 00 00  23 00 25 00   B8 03 B8 03  00 00 00 00
* this csi no.164

{'csi_len': 912, 'ftm': 3634054808, 'nrx': 2, 'ntx': 1, 'ntone': 114, 'rssi1': -2, 'rssi2': -4, 'smac': '0:16:ea:12:34:56', 'seq': 22, 'us': 1836985447, 'rnf': 51712, 'mcs_index': 0, 'mod_type': 2, 'mod_type_str': 'HT', 'chan_width_type': 1, 'chan_width': 40, 'chan_type_str': 'HT40', 'ant_sel': 3, 'ldpc': 0}
16809.385028383742 17643.221309852535 -2 -4 [2 1]
00000000:  90 03 00 00  04 00 00 00   98 46 9B D8  00 00 00 00
00000016:  00 00 00 00  00 00 00 00   00 00 00 00  00 00 00 00
00000032:  00 00 00 00  00 00 00 00   03 00 02 01  00 00 02 01
00000048:  02 00 02 03  72 00 00 00   00 00 00 00  02 00 00 00
00000064:  04 00 00 00  00 16 EA 12   34 56 00 00  16 00 00 08
00000080:  00 00 00 00  00 00 00 00   67 2C 7E 6D  00 CA 00 00
00000096:  0F 01 00 00  00 E0 08 01   E0 FF 24 01  40 01 00 00
00000112:  40 01 00 00  0F 01 00 00   FF 1F 08 01  FE FF 24 01
00000128:  40 01 00 00  40 01 00 00   00 00 00 00  00 00 00 00
00000144:  00 00 00 00  00 00 00 00   00 00 00 00  00 00 00 00
00000160:  00 00 00 00  00 00 00 00   00 00 00 00  00 00 00 00
00000176:  70 31 4F 00  7F 00 00 00   5B 00 00 00  00 00 00 00
00000192:  00 00 00 00  01 00 50 A3   9D EF 7C 6D  00 00 00 00
00000208:  00 00 00 00  00 00 00 00   00 00 00 00  00 00 00 00
00000224:  00 00 00 00  00 00 00 00   00 00 00 00  00 00 00 00
00000240:  67 A3 01 00  0D DF 01 00   92 02 00 00  00 03 00 00
00000256:  1C 00 00 00  23 00 25 00   B8 03 B8 03  00 00 00 00
* this csi no.165

### phaoff 0.5
{'csi_len': 912, 'ftm': 3698017848, 'nrx': 2, 'ntx': 1, 'ntone': 114, 'rssi1': -3, 'rssi2': -4, 'smac': '0:16:ea:12:34:56', 'seq': 23, 'us': 1837185331, 'rnf': 51712, 'mcs_index': 0, 'mod_type': 2, 'mod_type_str': 'HT', 'chan_width_type': 1, 'chan_width': 40, 'chan_type_str': 'HT40', 'ant_sel': 3, 'ldpc': 0}
16832.480244295843 17977.42540904503 -3 -4 [2 1]
00000000:  90 03 00 00  04 00 00 00   38 46 6B DC  00 00 00 00
00000016:  00 00 00 00  00 00 00 00   00 00 00 00  00 00 00 00
00000032:  00 00 00 00  00 00 00 00   03 00 02 01  00 00 02 01
00000048:  02 00 02 03  72 00 00 00   00 00 00 00  03 00 00 00
00000064:  04 00 00 00  00 16 EA 12   34 56 00 00  17 00 00 08
00000080:  00 00 00 00  00 00 00 00   33 39 81 6D  00 CA 00 00
00000096:  0F 01 00 00  00 80 08 01   C0 FF 24 01  40 01 00 00
00000112:  40 01 00 00  0F 01 00 00   FF 07 08 01  FF FF 24 01
00000128:  40 01 00 00  40 01 00 00   00 00 00 00  00 00 00 00
00000144:  00 00 00 00  00 00 00 00   00 00 00 00  00 00 00 00
00000160:  00 00 00 00  00 00 00 00   00 00 00 00  00 00 00 00
00000176:  70 31 4F 00  7F 00 00 00   AD 04 00 00  00 00 00 00
00000192:  00 00 00 00  01 00 60 A3   6A FC 7F 6D  00 00 00 00
00000208:  00 00 00 00  00 00 00 00   00 00 00 00  00 00 00 00
00000224:  00 00 00 00  00 00 00 00   00 00 00 00  00 00 00 00
00000240:  2E A5 01 00  0D E0 01 00   82 02 00 00  CC 02 00 00
00000256:  1C 00 00 00  23 00 25 00   B8 03 B8 03  00 00 00 00
* this csi no.166

{'csi_len': 912, 'ftm': 3762047128, 'nrx': 2, 'ntx': 1, 'ntone': 114, 'rssi1': -2, 'rssi2': -4, 'smac': '0:16:ea:12:34:56', 'seq': 24, 'us': 1837385422, 'rnf': 51712, 'mcs_index': 0, 'mod_type': 2, 'mod_type_str': 'HT', 'chan_width_type': 1, 'chan_width': 40, 'chan_type_str': 'HT40', 'ant_sel': 3, 'ldpc': 0}
16714.02640680359 17605.622335219054 -2 -4 [2 1]
00000000:  90 03 00 00  04 00 00 00   98 48 3C E0  00 00 00 00
00000016:  00 00 00 00  00 00 00 00   00 00 00 00  00 00 00 00
00000032:  00 00 00 00  00 00 00 00   03 00 02 01  00 00 02 01
00000048:  02 00 02 03  72 00 00 00   00 00 00 00  02 00 00 00
00000064:  04 00 00 00  00 16 EA 12   34 56 00 00  18 00 00 08
00000080:  00 00 00 00  00 00 00 00   CE 46 84 6D  00 CA 00 00
00000096:  0F 01 00 00  00 80 08 01   C0 FF 24 01  40 01 00 00
00000112:  40 01 00 00  0F 01 00 00   FF 07 08 01  FF FF 24 01
00000128:  40 01 00 00  40 01 00 00   00 00 00 00  00 00 00 00
00000144:  00 00 00 00  00 00 00 00   00 00 00 00  00 00 00 00
00000160:  00 00 00 00  00 00 00 00   00 00 00 00  00 00 00 00
00000176:  70 31 4F 00  7F 00 00 00   3A 00 00 00  00 00 00 00
00000192:  00 00 00 00  01 00 70 A3   05 0A 83 6D  00 00 00 00
00000208:  00 00 00 00  00 00 00 00   00 00 00 00  00 00 00 00
00000224:  00 00 00 00  00 00 00 00   00 00 00 00  00 00 00 00
00000240:  E7 A3 01 00  82 E0 01 00   9D 02 00 00  02 03 00 00
00000256:  1C 00 00 00  23 00 25 00   B8 03 B8 03  00 00 00 00
* this csi no.167


