
* flq_monitor_rx_rate
[files]
./drivers/net/wireless/intel/iwlwifi/mvm/debugfs.c
./drivers/net/wireless/intel/iwlwifi/mvm/tx.c
./drivers/net/wireless/intel/iwlwifi/mvm/mvm.h

[details]
./drivers/net/wireless/intel/iwlwifi/mvm/debugfs.c: static ssize_t iwl_dbgfs_flq_monitor_tx_rate_read()
./drivers/net/wireless/intel/iwlwifi/mvm/debugfs.c: static ssize_t iwl_dbgfs_flq_monitor_tx_rate_write()
./drivers/net/wireless/intel/iwlwifi/mvm/debugfs.c: MVM_DEBUGFS_READ_WRITE_FILE_OPS(flq_monitor_tx_rate, 32);
./drivers/net/wireless/intel/iwlwifi/mvm/debugfs.c: MVM_DEBUGFS_ADD_FILE(flq_monitor_tx_rate, mvm->debugfs_dir, S_IRUSR | S_IWUSR); //fflq_add
./drivers/net/wireless/intel/iwlwifi/mvm/tx.c: static void flq_iwl_mvm_set_monitor_tx_rate()
./drivers/net/wireless/intel/iwlwifi/mvm/tx.c: flq_iwl_mvm_set_monitor_tx_rate(mvm, skb, &info, dev_cmd) ;
./drivers/net/wireless/intel/iwlwifi/mvm/mvm.h:	u32 flq_monitor_tx_rate ;



#support intel5300
[modify]
Kconfig
Makefile
dvm/Makefile

[add]
cfg/{1000.c 2000.c 5000.c 6000.c}




